{
  "stats": {
    "suites": 1,
    "tests": 1,
    "passes": 1,
    "pending": 0,
    "failures": 0,
    "start": "2022-03-17T17:57:00.569Z",
    "end": "2022-03-17T17:57:11.315Z",
    "duration": 10746,
    "testsRegistered": 1,
    "passPercent": 100,
    "pendingPercent": 0,
    "other": 0,
    "hasOther": false,
    "skipped": 0,
    "hasSkipped": false
  },
  "results": [
    {
      "uuid": "2749717c-f925-4b2f-bc5f-1957ec241bfe",
      "title": "",
      "fullFile": "cypress/integration/cadastro.spec.js",
      "file": "cypress/integration/cadastro.spec.js",
      "beforeHooks": [],
      "afterHooks": [],
      "tests": [],
      "suites": [
        {
          "uuid": "93759bde-43a2-45d1-b51f-3e99a7803c5e",
          "title": "Cadastro",
          "fullFile": "",
          "file": "",
          "beforeHooks": [],
          "afterHooks": [],
          "tests": [
            {
              "title": "Quando eu informar os dados e finalizar, então o cadastro deve ser efetuado",
              "fullTitle": "Cadastro Quando eu informar os dados e finalizar, então o cadastro deve ser efetuado",
              "timedOut": null,
              "duration": 6871,
              "state": "passed",
              "speed": "medium",
              "pass": true,
              "fail": false,
              "pending": false,
              "context": null,
              "code": "cy.visit('https://form-agilizei.netlify.app/'); //input de texto / textarea / email  → type\ncy.get('input[name=firstName]').type(chance.first());\ncy.get('input[name=lastName]').type(chance.last());\ncy.get('textarea[name=adress]').type(chance.address());\ncy.get('input[name=emailAdress]').type(chance.email()); //Inputs radio / checkboxes → check\ncy.get('input[value=m]').check();\ncy.get('input[type=checkbox]').check('Netflix');\ncy.get('input[type=checkbox]').check('Dormir'); //Inputs do tipo combobox / selects → select \ncy.get('select#countries').select('Dinamarca', {\n  force: true\n});\ncy.get('select#years').select('1994', {\n  force: true\n});\ncy.get('select#months').select('Dezembro', {\n  force: true\n});\ncy.get('select#days').select('2', {\n  force: true\n}); //Inputs de senha → type\ncy.get('input#firstpassword').type('C@s@1721');\ncy.get('input#secondpassword').type('C@s@1721');\ncy.get('#submitbtn').click(); //Espero que a minha aplicação seja direcionada para a listagem\n//url\n//deve conter listagem\n//should contain listagem\ncy.url().should('contain', 'listagem'); // input#firstpassword\n// input#secondpassword\n// select#countries\n// select#years\n// select#months\n// select#days\n// input[name=firstName]\n// input[name=lasttName]\n// textarea[name=adress]\n// input[name=emailAdress]\n// input[value=m]  \n// input[type=checkbox]",
              "err": {},
              "uuid": "eafad4e5-8a3d-4429-9a48-2c5c3b18b67e",
              "parentUUID": "93759bde-43a2-45d1-b51f-3e99a7803c5e",
              "isHook": false,
              "skipped": false
            }
          ],
          "suites": [],
          "passes": [
            "eafad4e5-8a3d-4429-9a48-2c5c3b18b67e"
          ],
          "failures": [],
          "pending": [],
          "skipped": [],
          "duration": 6871,
          "root": false,
          "rootEmpty": false,
          "_timeout": 2000
        }
      ],
      "passes": [],
      "failures": [],
      "pending": [],
      "skipped": [],
      "duration": 0,
      "root": true,
      "rootEmpty": true,
      "_timeout": 2000
    }
  ],
  "meta": {
    "mocha": {
      "version": "7.0.1"
    },
    "mochawesome": {
      "options": {
        "quiet": true,
        "reportFilename": "mochawesome",
        "saveHtml": false,
        "saveJson": true,
        "consoleReporter": "spec",
        "useInlineDiffs": false,
        "code": true
      },
      "version": "7.1.2"
    },
    "marge": {
      "options": {
        "id": "default",
        "reportDir": "mochawesome-report",
        "quiet": true,
        "overwrite": false,
        "html": false,
        "json": true
      },
      "version": "6.1.1"
    }
  }
}